#
# A fatal error has been detected by the Java Runtime Environment:
#
#  EXCEPTION_ACCESS_VIOLATION (0xc0000005) at pc=0x00007ffa9dd99996, pid=9520, tid=15092
#
# JRE version: OpenJDK Runtime Environment Temurin-17.0.10+7 (17.0.10+7) (build 17.0.10+7)
# Java VM: OpenJDK 64-Bit Server VM Temurin-17.0.10+7 (17.0.10+7, mixed mode, tiered, compressed oops, compressed class ptrs, parallel gc, windows-amd64)
# Problematic frame:
# V  [jvm.dll+0x669996]
#
# No core dump will be written. Minidumps are not enabled by default on client versions of Windows
#
# If you would like to submit a bug report, please visit:
#   https://github.com/adoptium/adoptium-support/issues
#

---------------  S U M M A R Y ------------

Command Line: --add-modules=ALL-SYSTEM --add-opens=java.base/java.util=ALL-UNNAMED --add-opens=java.base/java.lang=ALL-UNNAMED --add-opens=java.base/sun.nio.fs=ALL-UNNAMED -Declipse.application=org.eclipse.jdt.ls.core.id1 -Dosgi.bundles.defaultStartLevel=4 -Declipse.product=org.eclipse.jdt.ls.core.product -Djava.import.generatesMetadataFilesAtProjectRoot=false -DDetectVMInstallationsJob.disabled=true -Dfile.encoding=utf8 -XX:+UseParallelGC -XX:GCTimeRatio=4 -XX:AdaptiveSizePolicyWeight=90 -Dsun.zip.disableMemoryMapping=true -Xmx1G -Xms100m -Xlog:disable -javaagent:c:\Users\tujes\.vscode\extensions\redhat.java-1.28.1-win32-x64\lombok\lombok-1.18.31.jar -XX:+HeapDumpOnOutOfMemoryError -XX:HeapDumpPath=c:\Users\tujes\AppData\Roaming\Code\User\workspaceStorage\926129535c3579d5b8879cf28cb66572\redhat.java -Daether.dependencyCollector.impl=bf c:\Users\tujes\.vscode\extensions\redhat.java-1.28.1-win32-x64\server\plugins\org.eclipse.equinox.launcher_1.6.700.v20231214-2017.jar -configuration c:\Users\tujes\AppData\Roaming\Code\User\globalStorage\redhat.java\1.28.1\config_win -data c:\Users\tujes\AppData\Roaming\Code\User\workspaceStorage\926129535c3579d5b8879cf28cb66572\redhat.java\jdt_ws --stdio

Host: AMD Ryzen 7 5800H with Radeon Graphics         , 16 cores, 15G,  Windows 11 , 64 bit Build 22621 (10.0.22621.3085)
Time: Thu Feb 29 18:56:27 2024 Nepal Standard Time elapsed time: 20375.656019 seconds (0d 5h 39m 35s)

---------------  T H R E A D  ---------------

Current thread (0x00000292e699e2e0):  

Stack: [0x000000e851300000,0x000000e851400000],  sp=0x000000e8513fe9b8,  free space=1018k
Native frames: (J=compiled Java code, j=interpreted, Vv=VM code, C=native code)
V  [jvm.dll+0x669996]


siginfo: EXCEPTION_ACCESS_VIOLATION (0xc0000005), reading address 0x0000000000002718


Registers:
RAX=0x0000000000000000, RBX=0x000000e8513fea28, RCX=0x0000000000000003, RDX=0x00000292feeb64e0
RSP=0x000000e8513fe9b8, RBP=0x00000000000000b6, RSI=0x000000e8513feb40, RDI=0x00000292feeb64e0
R8 =0x000000000000005f, R9 =0x0000000000002718, R10=0x00000292e2b4e970, R11=0x000000e8513fe9b8
R12=0x00000292e6ba3708, R13=0x00000292e6ba3690, R14=0x00000292feeb6430, R15=0x00000292feeb6430
RIP=0x00007ffa9dd99996, EFLAGS=0x0000000000010206


Register to memory mapping:

RIP=0x00007ffa9dd99996 jvm.dll
RAX=0x0 is NULL
RBX=0x000000e8513fea28 is pointing into the stack for thread: 0x00000292e699e2e0
RCX=0x0000000000000003 is an unknown value
RDX=0x00000292feeb64e0 points into unknown readable memory: 0x00007ffa9e061f30 | 30 1f 06 9e fa 7f 00 00
RSP=0x000000e8513fe9b8 is pointing into the stack for thread: 0x00000292e699e2e0
RBP=0x00000000000000b6 is an unknown value
RSI=0x000000e8513feb40 is pointing into the stack for thread: 0x00000292e699e2e0
RDI=0x00000292feeb64e0 points into unknown readable memory: 0x00007ffa9e061f30 | 30 1f 06 9e fa 7f 00 00
R8 =0x000000000000005f is an unknown value
R9 =0x0000000000002718 is an unknown value
R10=0x00000292e2b4e970 is pointing into metadata
R11=0x000000e8513fe9b8 is pointing into the stack for thread: 0x00000292e699e2e0
R12=0x00000292e6ba3708 points into unknown readable memory: 0x69730008477effff | ff ff 7e 47 08 00 73 69
R13=0x00000292e6ba3690 points into unknown readable memory: 0x492800325e69ffff | ff ff 69 5e 32 00 28 49
R14=0x00000292feeb6430 points into unknown readable memory: 0x00007ffa9e061b50 | 50 1b 06 9e fa 7f 00 00
R15=0x00000292feeb6430 points into unknown readable memory: 0x00007ffa9e061b50 | 50 1b 06 9e fa 7f 00 00


Top of Stack: (sp=0x000000e8513fe9b8)
0x000000e8513fe9b8:   00007ffa9d9ef3c2 0000000000000002
0x000000e8513fe9c8:   00007ffa9d8f4901 0000000000000000
0x000000e8513fe9d8:   00000001001503b0 000000e8513ff730
0x000000e8513fe9e8:   00007ffa9dc92237 000000e8513fea50
0x000000e8513fe9f8:   0000000000000000 0000000000000050
0x000000e8513fea08:   000000000000000f 000000e8513ff730
0x000000e8513fea18:   00007ffa9d8f53a5 0000000000000000
0x000000e8513fea28:   00000292e699e2e0 00000000000000b6
0x000000e8513fea38:   00000292cd9a8240 00000292feeb6430
0x000000e8513fea48:   00007ffa9d8f6f69 00000292e6ba3708
0x000000e8513fea58:   00000292e6ba3690 00000001001503b0
0x000000e8513fea68:   00000001001503b0 0000000000000000
0x000000e8513fea78:   0000000000000000 00000000000a0101
0x000000e8513fea88:   00007ffa9d84e694 0000000000000050
0x000000e8513fea98:   000000e8513ff730 00000000000000b6
0x000000e8513feaa8:   000000000000000f 000000e8513feb40
0x000000e8513feab8:   00007ffa9d8f5000 0000000000000020
0x000000e8513feac8:   0000000000000050 00000292cd9a8240
0x000000e8513fead8:   000000e8513fec0a 00000292feeb6430
0x000000e8513feae8:   00000292f90d0bd0 000000e8513ff730
0x000000e8513feaf8:   0000000000000020 000000e8513febf0
0x000000e8513feb08:   00007ffa9d909e11 00000292e699e2e0
0x000000e8513feb18:   000000e8513fec50 000000e8513fec70
0x000000e8513feb28:   00000292cd9a8240 00000292feeb6430
0x000000e8513feb38:   000000e8513feea0 00000292e2b4e970
0x000000e8513feb48:   00000292e699e2e0 0000000000000000
0x000000e8513feb58:   0000000000000000 000000e8513ff700
0x000000e8513feb68:   0000000000000000 000000e8513feea0
0x000000e8513feb78:   00007ffa9d86effb 00000292e2b4e970
0x000000e8513feb88:   00000292feeb9c71 00000000000000b6
0x000000e8513feb98:   000000e8513feea0 0000000000000000
0x000000e8513feba8:   00000292f90d0cc0 000000000000000b 

Instructions: (pc=0x00007ffa9dd99996)
0x00007ffa9dd99896:   48 8b 46 40 48 03 78 40 0f b6 07 3c 04 74 0b 48
0x00007ffa9dd998a6:   8b d7 48 8b ce e8 b0 6b c6 ff 48 8b 5c 24 30 48
0x00007ffa9dd998b6:   8b 74 24 38 48 83 c4 20 5f c3 48 89 5c 24 08 48
0x00007ffa9dd998c6:   89 74 24 10 57 48 83 ec 20 80 3d f2 99 51 00 00
0x00007ffa9dd998d6:   48 8d 34 11 48 8b 3d ef 91 50 00 49 8b d8 74 22
0x00007ffa9dd998e6:   48 85 db 74 1d 48 8b 47 38 0f be 88 f0 02 00 00
0x00007ffa9dd998f6:   d1 e9 f6 c1 01 74 0b 48 8b d3 48 8b cf e8 18 27
0x00007ffa9dd99906:   9a ff 80 3d 43 ed 4a 00 00 74 32 48 8b 47 38 0f
0x00007ffa9dd99916:   be 90 f0 02 00 00 d1 ea f6 c2 01 74 20 8b 06 85
0x00007ffa9dd99926:   c0 74 1a 8b 0d b9 d9 4a 00 8b d0 48 d3 e2 48 8b
0x00007ffa9dd99936:   cf 48 03 15 a2 d9 4a 00 e8 dd 26 9a ff 48 85 db
0x00007ffa9dd99946:   74 10 48 2b 1d 91 d9 4a 00 8b 0d 93 d9 4a 00 48
0x00007ffa9dd99956:   d3 eb 89 1e e8 01 4d 00 00 48 8b 5c 24 30 90 48
0x00007ffa9dd99966:   8b 74 24 38 48 83 c4 20 5f c3 80 3d 0b 9a 51 00
0x00007ffa9dd99976:   00 48 8b d1 74 16 44 8b 49 08 8b 0d 72 d9 4a 00
0x00007ffa9dd99986:   49 d3 e1 4c 03 0d 60 d9 4a 00 eb 04 4c 8b 49 08
0x00007ffa9dd99996:   49 8b 01 49 8b c9 4c 8b 05 dd 23 53 00 48 ff a0
0x00007ffa9dd999a6:   38 01 00 00 cc cc cc cc cc cc 48 8b c2 4c 8b c1
0x00007ffa9dd999b6:   48 8b c8 48 8d 15 18 c1 33 00 e9 7b 5b 01 00 cc
0x00007ffa9dd999c6:   cc cc cc cc cc cc cc cc cc cc 80 3d ab 99 51 00
0x00007ffa9dd999d6:   00 4c 8b c2 48 8b d1 74 21 44 8b 49 08 8b 0d 0f
0x00007ffa9dd999e6:   d9 4a 00 49 d3 e1 4c 03 0d fd d8 4a 00 49 8b c9
0x00007ffa9dd999f6:   49 8b 01 48 ff a0 38 01 00 00 4c 8b 49 08 49 8b
0x00007ffa9dd99a06:   c9 49 8b 01 48 ff a0 38 01 00 00 cc cc cc cc cc
0x00007ffa9dd99a16:   cc cc cc cc cc cc cc cc cc cc 48 89 5c 24 08 57
0x00007ffa9dd99a26:   48 83 ec 20 48 8b fa 48 8b d9 e8 fb a5 d2 ff 84
0x00007ffa9dd99a36:   c0 74 27 48 8b d7 48 8b cb e8 6c b0 d2 ff 4c 8b
0x00007ffa9dd99a46:   c3 48 8d 15 8a c0 33 00 48 8b cf 48 8b 5c 24 30
0x00007ffa9dd99a56:   48 83 c4 20 5f e9 e0 5a 01 00 80 3d 1b 99 51 00
0x00007ffa9dd99a66:   00 74 16 44 8b 4b 08 8b 0d 85 d8 4a 00 49 d3 e1
0x00007ffa9dd99a76:   4c 03 0d 73 d8 4a 00 eb 04 4c 8b 4b 08 49 8b 01
0x00007ffa9dd99a86:   4c 8b c7 48 8b d3 49 8b c9 48 8b 5c 24 30 48 83 


Stack slot to memory mapping:
stack at sp + 0 slots: 0x00007ffa9d9ef3c2 jvm.dll
stack at sp + 1 slots: 0x0000000000000002 is an unknown value
stack at sp + 2 slots: 0x00007ffa9d8f4901 jvm.dll
stack at sp + 3 slots: 0x0 is NULL
stack at sp + 4 slots: 0x00000001001503b0 is a pointer to class: 
java.util.concurrent.ScheduledThreadPoolExecutor$DelayedWorkQueue {0x00000001001503b8}
 - instance size:     4
 - klass size:        178
 - access:            synchronized 
 - state:             fully_initialized
 - name:              'java/util/concurrent/ScheduledThreadPoolExecutor$DelayedWorkQueue'
 - super:             'java/util/AbstractQueue'
 - sub:               
 - arrays:            NULL
 - methods:           Array<T>(0x00000292e2b4f258)
 - method ordering:   Array<T>(0x00000292e2000018)
 - default_methods:   Array<T>(0x00000292e2b50e88)
 - default vtable indices:   Array<T>(0x00000292e2b50ec0)
 - local interfaces:  Array<T>(0x00000292e2b4f1f8)
 - trans. interfaces: Array<T>(0x00000292e2b50e60)
 - constants:         constant pool [240] {0x00000292e2b4e978} for 'java/util/concurrent/ScheduledThreadPoolExecutor$DelayedWorkQueue' cache=0x00000292e2b50ee0
 - class loader data:  loader data: 0x00000292cd9d72a0 of 'bootstrap'
 - class annotations:       Array<T>(0x0000000000000000)
 - class type annotations:  Array<T>(0x0000000000000000)
 - field annotations:       Array<T>(0x0000000000000000)
 - field type annotations:  Array<T>(0x0000000000000000)
 - generic signature: 'Ljava/util/AbstractQueue<Ljava/lang/Runnable;>;Ljava/util/concurrent/BlockingQueue<Ljava/lang/Runnable;>;'
 - inner classes:     Array<T>(0x00000292e2b50e38)
 - nest members:     Array<T>(0x00000292e2000028)
 - permitted subclasses:     Array<T>(0x00000292e2000028)
 - java mirror:       a 'java/lang/Class'{0x00000000c0346bc0} = 'java/util/concurrent/ScheduledThreadPoolExecutor$DelayedWorkQueue'
 - vtable length      44  (start addr: 0x0000000100150578)
 - itable length      76 (start addr: 0x00000001001506d8)
 - ---- static fields (1 words):
 - private static final 'INITIAL_CAPACITY' 'I' @112 
 - ---- non-static fields (5 words):
 - private 'size' 'I' @12 
 - private 'queue' '[Ljava/util/concurrent/RunnableScheduledFuture;' @16 
 - private final 'lock' 'Ljava/util/concurrent/locks/ReentrantLock;' @20 
 - private 'leader' 'Ljava/lang/Thread;' @24 
 - private final 'available' 'Ljava/util/concurrent/locks/Condition;' @28 
 - non-static oop maps: 16-28 
stack at sp + 5 slots: 0x000000e8513ff730 is pointing into the stack for thread: 0x00000292e699e2e0
stack at sp + 6 slots: 0x00007ffa9dc92237 jvm.dll
stack at sp + 7 slots: 0x000000e8513fea50 is pointing into the stack for thread: 0x00000292e699e2e0


---------------  P R O C E S S  ---------------

Threads class SMR info:
_java_thread_list=0x00000292ef063300, length=25, elements={
0x00000292cd9b8e20, 0x00000292e1839020, 0x00000292e183a7a0, 0x00000292e698ff30,
0x00000292e6990900, 0x00000292e6991c10, 0x00000292e6992f20, 0x00000292e699a160,
0x00000292e699e2e0, 0x00000292e69a7b60, 0x00000292e6a9deb0, 0x00000292e8b20c80,
0x00000292e8f7a4f0, 0x00000292e8f7aa00, 0x00000292e8f7af10, 0x00000292e8f795c0,
0x00000292e8f77c70, 0x00000292e8f79ad0, 0x00000292e8f78ba0, 0x00000292e8f79fe0,
0x00000292eab35b60, 0x00000292eab36a90, 0x00000292eab388f0, 0x00000292eab38e00,
0x00000292eab33d00
}

Java Threads: ( => current thread )
  0x00000292cd9b8e20 JavaThread "main" [_thread_blocked, id=16652, stack(0x000000e850900000,0x000000e850a00000)]
  0x00000292e1839020 JavaThread "Reference Handler" daemon [_thread_blocked, id=2520, stack(0x000000e850c00000,0x000000e850d00000)]
  0x00000292e183a7a0 JavaThread "Finalizer" daemon [_thread_blocked, id=4176, stack(0x000000e850d00000,0x000000e850e00000)]
  0x00000292e698ff30 JavaThread "Signal Dispatcher" daemon [_thread_blocked, id=11612, stack(0x000000e850e00000,0x000000e850f00000)]
  0x00000292e6990900 JavaThread "Attach Listener" daemon [_thread_blocked, id=12204, stack(0x000000e850f00000,0x000000e851000000)]
  0x00000292e6991c10 JavaThread "Service Thread" daemon [_thread_blocked, id=13856, stack(0x000000e851000000,0x000000e851100000)]
  0x00000292e6992f20 JavaThread "Monitor Deflation Thread" daemon [_thread_blocked, id=16960, stack(0x000000e851100000,0x000000e851200000)]
  0x00000292e699a160 JavaThread "C2 CompilerThread0" daemon [_thread_blocked, id=3276, stack(0x000000e851200000,0x000000e851300000)]
=>0x00000292e699e2e0 
  0x00000292e69a7b60 JavaThread "Sweeper thread" daemon [_thread_blocked, id=13044, stack(0x000000e851400000,0x000000e851500000)]
  0x00000292e6a9deb0 JavaThread "Common-Cleaner" daemon [_thread_blocked, id=15572, stack(0x000000e851500000,0x000000e851600000)]
  0x00000292e8b20c80 JavaThread "Notification Thread" daemon [_thread_blocked, id=26712, stack(0x000000e851b00000,0x000000e851c00000)]
  0x00000292e8f7a4f0 JavaThread "Active Thread: Equinox Container: 31ebe12b-cfe0-4f11-b530-1dc7e7f5881e" [_thread_blocked, id=26184, stack(0x000000e852300000,0x000000e852400000)]
  0x00000292e8f7aa00 JavaThread "Framework Event Dispatcher: Equinox Container: 31ebe12b-cfe0-4f11-b530-1dc7e7f5881e" daemon [_thread_blocked, id=12960, stack(0x000000e851900000,0x000000e851a00000)]
  0x00000292e8f7af10 JavaThread "Start Level: Equinox Container: 31ebe12b-cfe0-4f11-b530-1dc7e7f5881e" daemon [_thread_blocked, id=22840, stack(0x000000e851a00000,0x000000e851b00000)]
  0x00000292e8f795c0 JavaThread "Bundle File Closer" daemon [_thread_blocked, id=16560, stack(0x000000e851800000,0x000000e851900000)]
  0x00000292e8f77c70 JavaThread "SCR Component Actor" daemon [_thread_blocked, id=7464, stack(0x000000e851600000,0x000000e851700000)]
  0x00000292e8f79ad0 JavaThread "Worker-JM" [_thread_blocked, id=26644, stack(0x000000e852c00000,0x000000e852d00000)]
  0x00000292e8f78ba0 JavaThread "Worker-0" [_thread_blocked, id=1812, stack(0x000000e852e00000,0x000000e852f00000)]
  0x00000292e8f79fe0 JavaThread "Worker-1" [_thread_blocked, id=24568, stack(0x000000e852f00000,0x000000e853000000)]
  0x00000292eab35b60 JavaThread "Java indexing" daemon [_thread_blocked, id=11228, stack(0x000000e853200000,0x000000e853300000)]
  0x00000292eab36a90 JavaThread "JNA Cleaner" daemon [_thread_blocked, id=19324, stack(0x000000e853300000,0x000000e853400000)]
  0x00000292eab388f0 JavaThread "pool-2-thread-1" [_thread_blocked, id=24396, stack(0x000000e853400000,0x000000e853500000)]
  0x00000292eab38e00 JavaThread "WorkspaceEventsHandler" [_thread_blocked, id=14800, stack(0x000000e853500000,0x000000e853600000)]
  0x00000292eab33d00 JavaThread "pool-1-thread-1" [_thread_in_native, id=16864, stack(0x000000e853600000,0x000000e853700000)]

Other Threads:
  0x00000292cda43d10 VMThread "VM Thread" [stack: 0x000000e850b00000,0x000000e850c00000] [id=25212]
  0x00000292e8ae77a0 WatcherThread [stack: 0x000000e851c00000,0x000000e851d00000] [id=25364]
  0x00000292cd9cf0a0 GCTaskThread "GC Thread#0" [stack: 0x000000e850a00000,0x000000e850b00000] [id=15716]
  0x00000292e8f6b2c0 GCTaskThread "GC Thread#1" [stack: 0x000000e851e00000,0x000000e851f00000] [id=29648]
  0x00000292e910f510 GCTaskThread "GC Thread#2" [stack: 0x000000e851f00000,0x000000e852000000] [id=5032]
  0x00000292e91a3f80 GCTaskThread "GC Thread#3" [stack: 0x000000e852000000,0x000000e852100000] [id=25832]
  0x00000292e9321720 GCTaskThread "GC Thread#4" [stack: 0x000000e852100000,0x000000e852200000] [id=27936]
  0x00000292e93219e0 GCTaskThread "GC Thread#5" [stack: 0x000000e852200000,0x000000e852300000] [id=21328]
  0x00000292e9699e40 GCTaskThread "GC Thread#6" [stack: 0x000000e851d00000,0x000000e851e00000] [id=11964]
  0x00000292e9a8cc30 GCTaskThread "GC Thread#7" [stack: 0x000000e852400000,0x000000e852500000] [id=15180]
  0x00000292e9c79ac0 GCTaskThread "GC Thread#8" [stack: 0x000000e851700000,0x000000e851800000] [id=4196]
  0x00000292e999c570 GCTaskThread "GC Thread#9" [stack: 0x000000e852a00000,0x000000e852b00000] [id=27308]
  0x00000292e9bc8cf0 GCTaskThread "GC Thread#10" [stack: 0x000000e852b00000,0x000000e852c00000] [id=3028]
  0x00000292e9a7acf0 GCTaskThread "GC Thread#11" [stack: 0x000000e852d00000,0x000000e852e00000] [id=3664]
  0x00000292e9c3b720 GCTaskThread "GC Thread#12" [stack: 0x000000e853000000,0x000000e853100000] [id=16668]

Threads with active compile tasks:

VM state: not at safepoint (normal execution)

VM Mutex/Monitor currently owned by a thread: None

Heap address: 0x00000000c0000000, size: 1024 MB, Compressed Oops mode: 32-bit

CDS archive(s) not mapped
Compressed class space mapped at: 0x0000000100000000-0x0000000140000000, reserved size: 1073741824
Narrow klass base: 0x0000000000000000, Narrow klass shift: 3, Narrow klass range: 0x140000000

GC Precious Log:
 CPUs: 16 total, 16 available
 Memory: 15773M
 Large Page Support: Disabled
 NUMA Support: Disabled
 Compressed Oops: Enabled (32-bit)
 Alignments: Space 512K, Generation 512K, Heap 2M
 Heap Min Capacity: 100M
 Heap Initial Capacity: 100M
 Heap Max Capacity: 1G
 Pre-touch: Disabled
 Parallel Workers: 13

Heap:
 PSYoungGen      total 29696K, used 21858K [0x00000000eab00000, 0x00000000ed380000, 0x0000000100000000)
  eden space 17920K, 57% used [0x00000000eab00000,0x00000000eb524000,0x00000000ebc80000)
  from space 11776K, 97% used [0x00000000ebc80000,0x00000000ec7b48a0,0x00000000ec800000)
  to   space 11776K, 0% used [0x00000000ec800000,0x00000000ec800000,0x00000000ed380000)
 ParOldGen       total 267264K, used 236260K [0x00000000c0000000, 0x00000000d0500000, 0x00000000eab00000)
  object space 267264K, 88% used [0x00000000c0000000,0x00000000ce6b9070,0x00000000d0500000)
 Metaspace       used 77175K, committed 78656K, reserved 1179648K
  class space    used 7946K, committed 8576K, reserved 1048576K

Card table byte_map: [0x00000292cd340000,0x00000292cd550000] _byte_map_base: 0x00000292ccd40000

Marking Bits: (ParMarkBitMap*) 0x00007ffa9e2cd7d0
 Begin Bits: [0x00000292df640000, 0x00000292e0640000)
 End Bits:   [0x00000292e0640000, 0x00000292e1640000)

Polling page: 0x00000292cb750000

Metaspace:

Usage:
  Non-class:     67.61 MB used.
      Class:      7.76 MB used.
       Both:     75.37 MB used.

Virtual space:
  Non-class space:      128.00 MB reserved,      68.44 MB ( 53%) committed,  2 nodes.
      Class space:        1.00 GB reserved,       8.38 MB ( <1%) committed,  1 nodes.
             Both:        1.12 GB reserved,      76.81 MB (  7%) committed. 

Chunk freelists:
   Non-Class:  11.59 MB
       Class:  7.45 MB
        Both:  19.04 MB

MaxMetaspaceSize: unlimited
CompressedClassSpaceSize: 1.00 GB
Initial GC threshold: 21.00 MB
Current GC threshold: 126.81 MB
CDS: off
MetaspaceReclaimPolicy: balanced
 - commit_granule_bytes: 65536.
 - commit_granule_words: 8192.
 - virtual_space_node_default_size: 8388608.
 - enlarge_chunks_in_place: 1.
 - new_chunks_are_fully_committed: 0.
 - uncommit_free_chunks: 1.
 - use_allocation_guard: 0.
 - handle_deallocations: 1.


Internal statistics:

num_allocs_failed_limit: 6.
num_arena_births: 912.
num_arena_deaths: 20.
num_vsnodes_births: 3.
num_vsnodes_deaths: 0.
num_space_committed: 1229.
num_space_uncommitted: 0.
num_chunks_returned_to_freelist: 28.
num_chunks_taken_from_freelist: 4071.
num_chunk_merges: 11.
num_chunk_splits: 2571.
num_chunks_enlarged: 1582.
num_inconsistent_stats: 0.

CodeHeap 'non-profiled nmethods': size=119168Kb used=8796Kb max_used=8796Kb free=110371Kb
 bounds [0x00000292d81e0000, 0x00000292d8ae0000, 0x00000292df640000]
CodeHeap 'profiled nmethods': size=119104Kb used=24986Kb max_used=25327Kb free=94117Kb
 bounds [0x00000292d0640000, 0x00000292d1f00000, 0x00000292d7a90000]
CodeHeap 'non-nmethods': size=7488Kb used=1377Kb max_used=3191Kb free=6110Kb
 bounds [0x00000292d7a90000, 0x00000292d7dd0000, 0x00000292d81e0000]
 total_blobs=11969 nmethods=11244 adapters=638
 compilation: enabled
              stopped_count=0, restarted_count=0
 full_count=0

Compilation events (20 events):
Event: 1891.597 Thread 0x00000292e699e2e0 nmethod 13655 0x00000292d086d810 code [0x00000292d086d9c0, 0x00000292d086db08]
Event: 1891.597 Thread 0x00000292e699e2e0 13656   !   3       java.util.concurrent.ScheduledThreadPoolExecutor$DelayedWorkQueue::offer (123 bytes)
Event: 1891.598 Thread 0x00000292e699e2e0 nmethod 13656 0x00000292d16ea790 code [0x00000292d16eaa80, 0x00000292d16ebdf8]
Event: 1891.598 Thread 0x00000292e699e2e0 13657       3       java.util.concurrent.ThreadPoolExecutor::ensurePrestart (41 bytes)
Event: 1891.598 Thread 0x00000292e699e2e0 nmethod 13657 0x00000292d086d210 code [0x00000292d086d3e0, 0x00000292d086d6b8]
Event: 1891.598 Thread 0x00000292e699e2e0 13658       3       java.util.concurrent.ScheduledThreadPoolExecutor$DelayedWorkQueue::take (5 bytes)
Event: 1891.598 Thread 0x00000292e699e2e0 nmethod 13658 0x00000292d086ce90 code [0x00000292d086d040, 0x00000292d086d188]
Event: 1908.992 Thread 0x00000292e699e2e0 13660       3       java.util.concurrent.ScheduledThreadPoolExecutor$ScheduledFutureTask::run (57 bytes)
Event: 1908.993 Thread 0x00000292e699e2e0 nmethod 13660 0x00000292d086c690 code [0x00000292d086c8a0, 0x00000292d086cd18]
Event: 2011.629 Thread 0x00000292e699e2e0 13661       1       org.eclipse.osgi.internal.framework.EquinoxContainer::getStorage (5 bytes)
Event: 2011.629 Thread 0x00000292e699e2e0 nmethod 13661 0x00000292d863c890 code [0x00000292d863ca20, 0x00000292d863caf8]
Event: 2569.540 Thread 0x00000292e699e2e0 13662       3       org.eclipse.jdt.ls.core.internal.ParentProcessWatcher::run (89 bytes)
Event: 2569.541 Thread 0x00000292e699e2e0 nmethod 13662 0x00000292d16e9690 code [0x00000292d16e9920, 0x00000292d16ea3c8]
Event: 2569.541 Thread 0x00000292e699e2e0 13663   !   3       org.eclipse.jdt.ls.core.internal.ParentProcessWatcher::parentProcessStillRunning (492 bytes)
Event: 2569.544 Thread 0x00000292e699e2e0 nmethod 13663 0x00000292d0b1b490 code [0x00000292d0b1be20, 0x00000292d0b20978]
Event: 2609.576 Thread 0x00000292e699e2e0 13665       3       java.lang.ProcessHandleImpl::<init> (27 bytes)
Event: 2609.576 Thread 0x00000292e699e2e0 nmethod 13665 0x00000292d086c290 code [0x00000292d086c420, 0x00000292d086c5b8]
Event: 2678.377 Thread 0x00000292e699e2e0 13666   !   3       java.util.logging.LogManager::ensureLogManagerInitialized (144 bytes)
Event: 2678.378 Thread 0x00000292e699e2e0 nmethod 13666 0x00000292d0b19a90 code [0x00000292d0b19d80, 0x00000292d0b1aeb8]
Event: 20375.650 Thread 0x00000292e699e2e0 13667       3       java.util.concurrent.ScheduledThreadPoolExecutor$DelayedWorkQueue::finishPoll (43 bytes)

GC Heap History (20 events):
Event: 16.684 GC heap before
{Heap before GC invocations=171 (full 10):
 PSYoungGen      total 23552K, used 23500K [0x00000000eab00000, 0x00000000ec600000, 0x0000000100000000)
  eden space 20992K, 99% used [0x00000000eab00000,0x00000000ebf7b758,0x00000000ebf80000)
  from space 2560K, 98% used [0x00000000ebf80000,0x00000000ec1f79c8,0x00000000ec200000)
  to   space 3072K, 0% used [0x00000000ec300000,0x00000000ec300000,0x00000000ec600000)
 ParOldGen       total 382976K, used 359480K [0x00000000c0000000, 0x00000000d7600000, 0x00000000eab00000)
  object space 382976K, 93% used [0x00000000c0000000,0x00000000d5f0e0e0,0x00000000d7600000)
 Metaspace       used 75930K, committed 77312K, reserved 1179648K
  class space    used 7846K, committed 8448K, reserved 1048576K
}
Event: 16.687 GC heap after
{Heap after GC invocations=171 (full 10):
 PSYoungGen      total 24064K, used 3070K [0x00000000eab00000, 0x00000000ec780000, 0x0000000100000000)
  eden space 20992K, 0% used [0x00000000eab00000,0x00000000eab00000,0x00000000ebf80000)
  from space 3072K, 99% used [0x00000000ec300000,0x00000000ec5ff818,0x00000000ec600000)
  to   space 3584K, 0% used [0x00000000ebf80000,0x00000000ebf80000,0x00000000ec300000)
 ParOldGen       total 382976K, used 359702K [0x00000000c0000000, 0x00000000d7600000, 0x00000000eab00000)
  object space 382976K, 93% used [0x00000000c0000000,0x00000000d5f45ac8,0x00000000d7600000)
 Metaspace       used 75930K, committed 77312K, reserved 1179648K
  class space    used 7846K, committed 8448K, reserved 1048576K
}
Event: 16.834 GC heap before
{Heap before GC invocations=172 (full 10):
 PSYoungGen      total 24064K, used 19805K [0x00000000eab00000, 0x00000000ec780000, 0x0000000100000000)
  eden space 20992K, 79% used [0x00000000eab00000,0x00000000ebb57eb8,0x00000000ebf80000)
  from space 3072K, 99% used [0x00000000ec300000,0x00000000ec5ff818,0x00000000ec600000)
  to   space 3584K, 0% used [0x00000000ebf80000,0x00000000ebf80000,0x00000000ec300000)
 ParOldGen       total 382976K, used 359702K [0x00000000c0000000, 0x00000000d7600000, 0x00000000eab00000)
  object space 382976K, 93% used [0x00000000c0000000,0x00000000d5f45ac8,0x00000000d7600000)
 Metaspace       used 76406K, committed 77888K, reserved 1179648K
  class space    used 7899K, committed 8512K, reserved 1048576K
}
Event: 16.839 GC heap after
{Heap after GC invocations=172 (full 10):
 PSYoungGen      total 24576K, used 2727K [0x00000000eab00000, 0x00000000ec680000, 0x0000000100000000)
  eden space 20992K, 0% used [0x00000000eab00000,0x00000000eab00000,0x00000000ebf80000)
  from space 3584K, 76% used [0x00000000ebf80000,0x00000000ec229c10,0x00000000ec300000)
  to   space 3072K, 0% used [0x00000000ec380000,0x00000000ec380000,0x00000000ec680000)
 ParOldGen       total 382976K, used 367055K [0x00000000c0000000, 0x00000000d7600000, 0x00000000eab00000)
  object space 382976K, 95% used [0x00000000c0000000,0x00000000d6673d48,0x00000000d7600000)
 Metaspace       used 76406K, committed 77888K, reserved 1179648K
  class space    used 7899K, committed 8512K, reserved 1048576K
}
Event: 16.879 GC heap before
{Heap before GC invocations=173 (full 11):
 PSYoungGen      total 24576K, used 23719K [0x00000000eab00000, 0x00000000ec680000, 0x0000000100000000)
  eden space 20992K, 100% used [0x00000000eab00000,0x00000000ebf80000,0x00000000ebf80000)
  from space 3584K, 76% used [0x00000000ebf80000,0x00000000ec229c10,0x00000000ec300000)
  to   space 3072K, 0% used [0x00000000ec380000,0x00000000ec380000,0x00000000ec680000)
 ParOldGen       total 394240K, used 393384K [0x00000000c0000000, 0x00000000d8100000, 0x00000000eab00000)
  object space 394240K, 99% used [0x00000000c0000000,0x00000000d802a2f8,0x00000000d8100000)
 Metaspace       used 76418K, committed 77888K, reserved 1179648K
  class space    used 7900K, committed 8512K, reserved 1048576K
}
Event: 16.965 GC heap after
{Heap after GC invocations=173 (full 11):
 PSYoungGen      total 23040K, used 0K [0x00000000eab00000, 0x00000000ec580000, 0x0000000100000000)
  eden space 20992K, 0% used [0x00000000eab00000,0x00000000eab00000,0x00000000ebf80000)
  from space 2048K, 0% used [0x00000000ec380000,0x00000000ec380000,0x00000000ec580000)
  to   space 3072K, 0% used [0x00000000ebf80000,0x00000000ebf80000,0x00000000ec280000)
 ParOldGen       total 267264K, used 195910K [0x00000000c0000000, 0x00000000d0500000, 0x00000000eab00000)
  object space 267264K, 73% used [0x00000000c0000000,0x00000000cbf51b90,0x00000000d0500000)
 Metaspace       used 76418K, committed 77888K, reserved 1179648K
  class space    used 7900K, committed 8512K, reserved 1048576K
}
Event: 17.003 GC heap before
{Heap before GC invocations=174 (full 11):
 PSYoungGen      total 23040K, used 20992K [0x00000000eab00000, 0x00000000ec580000, 0x0000000100000000)
  eden space 20992K, 100% used [0x00000000eab00000,0x00000000ebf80000,0x00000000ebf80000)
  from space 2048K, 0% used [0x00000000ec380000,0x00000000ec380000,0x00000000ec580000)
  to   space 3072K, 0% used [0x00000000ebf80000,0x00000000ebf80000,0x00000000ec280000)
 ParOldGen       total 267264K, used 195910K [0x00000000c0000000, 0x00000000d0500000, 0x00000000eab00000)
  object space 267264K, 73% used [0x00000000c0000000,0x00000000cbf51b90,0x00000000d0500000)
 Metaspace       used 76441K, committed 77888K, reserved 1179648K
  class space    used 7900K, committed 8512K, reserved 1048576K
}
Event: 17.008 GC heap after
{Heap after GC invocations=174 (full 11):
 PSYoungGen      total 24064K, used 3072K [0x00000000eab00000, 0x00000000ee080000, 0x0000000100000000)
  eden space 20992K, 0% used [0x00000000eab00000,0x00000000eab00000,0x00000000ebf80000)
  from space 3072K, 100% used [0x00000000ebf80000,0x00000000ec280000,0x00000000ec280000)
  to   space 16896K, 0% used [0x00000000ed000000,0x00000000ed000000,0x00000000ee080000)
 ParOldGen       total 267264K, used 207598K [0x00000000c0000000, 0x00000000d0500000, 0x00000000eab00000)
  object space 267264K, 77% used [0x00000000c0000000,0x00000000ccabbb90,0x00000000d0500000)
 Metaspace       used 76441K, committed 77888K, reserved 1179648K
  class space    used 7900K, committed 8512K, reserved 1048576K
}
Event: 17.033 GC heap before
{Heap before GC invocations=175 (full 11):
 PSYoungGen      total 24064K, used 24064K [0x00000000eab00000, 0x00000000ee080000, 0x0000000100000000)
  eden space 20992K, 100% used [0x00000000eab00000,0x00000000ebf80000,0x00000000ebf80000)
  from space 3072K, 100% used [0x00000000ebf80000,0x00000000ec280000,0x00000000ec280000)
  to   space 16896K, 0% used [0x00000000ed000000,0x00000000ed000000,0x00000000ee080000)
 ParOldGen       total 267264K, used 207598K [0x00000000c0000000, 0x00000000d0500000, 0x00000000eab00000)
  object space 267264K, 77% used [0x00000000c0000000,0x00000000ccabbb90,0x00000000d0500000)
 Metaspace       used 76441K, committed 77888K, reserved 1179648K
  class space    used 7900K, committed 8512K, reserved 1048576K
}
Event: 17.040 GC heap after
{Heap after GC invocations=175 (full 11):
 PSYoungGen      total 34816K, used 16896K [0x00000000eab00000, 0x00000000ee880000, 0x0000000100000000)
  eden space 17920K, 0% used [0x00000000eab00000,0x00000000eab00000,0x00000000ebc80000)
  from space 16896K, 100% used [0x00000000ed000000,0x00000000ee080000,0x00000000ee080000)
  to   space 19968K, 0% used [0x00000000ebc80000,0x00000000ebc80000,0x00000000ed000000)
 ParOldGen       total 267264K, used 209398K [0x00000000c0000000, 0x00000000d0500000, 0x00000000eab00000)
  object space 267264K, 78% used [0x00000000c0000000,0x00000000ccc7db90,0x00000000d0500000)
 Metaspace       used 76441K, committed 77888K, reserved 1179648K
  class space    used 7900K, committed 8512K, reserved 1048576K
}
Event: 17.222 GC heap before
{Heap before GC invocations=176 (full 11):
 PSYoungGen      total 34816K, used 34815K [0x00000000eab00000, 0x00000000ee880000, 0x0000000100000000)
  eden space 17920K, 99% used [0x00000000eab00000,0x00000000ebc7fd70,0x00000000ebc80000)
  from space 16896K, 100% used [0x00000000ed000000,0x00000000ee080000,0x00000000ee080000)
  to   space 19968K, 0% used [0x00000000ebc80000,0x00000000ebc80000,0x00000000ed000000)
 ParOldGen       total 267264K, used 209398K [0x00000000c0000000, 0x00000000d0500000, 0x00000000eab00000)
  object space 267264K, 78% used [0x00000000c0000000,0x00000000ccc7db90,0x00000000d0500000)
 Metaspace       used 76669K, committed 78144K, reserved 1179648K
  class space    used 7930K, committed 8576K, reserved 1048576K
}
Event: 17.230 GC heap after
{Heap after GC invocations=176 (full 11):
 PSYoungGen      total 26112K, used 7993K [0x00000000eab00000, 0x00000000ed600000, 0x0000000100000000)
  eden space 17920K, 0% used [0x00000000eab00000,0x00000000eab00000,0x00000000ebc80000)
  from space 8192K, 97% used [0x00000000ebc80000,0x00000000ec44e7d8,0x00000000ec480000)
  to   space 12288K, 0% used [0x00000000eca00000,0x00000000eca00000,0x00000000ed600000)
 ParOldGen       total 267264K, used 226382K [0x00000000c0000000, 0x00000000d0500000, 0x00000000eab00000)
  object space 267264K, 84% used [0x00000000c0000000,0x00000000cdd13b90,0x00000000d0500000)
 Metaspace       used 76669K, committed 78144K, reserved 1179648K
  class space    used 7930K, committed 8576K, reserved 1048576K
}
Event: 17.489 GC heap before
{Heap before GC invocations=177 (full 11):
 PSYoungGen      total 26112K, used 25913K [0x00000000eab00000, 0x00000000ed600000, 0x0000000100000000)
  eden space 17920K, 100% used [0x00000000eab00000,0x00000000ebc80000,0x00000000ebc80000)
  from space 8192K, 97% used [0x00000000ebc80000,0x00000000ec44e7d8,0x00000000ec480000)
  to   space 12288K, 0% used [0x00000000eca00000,0x00000000eca00000,0x00000000ed600000)
 ParOldGen       total 267264K, used 226382K [0x00000000c0000000, 0x00000000d0500000, 0x00000000eab00000)
  object space 267264K, 84% used [0x00000000c0000000,0x00000000cdd13b90,0x00000000d0500000)
 Metaspace       used 76685K, committed 78144K, reserved 1179648K
  class space    used 7930K, committed 8576K, reserved 1048576K
}
Event: 17.491 GC heap after
{Heap after GC invocations=177 (full 11):
 PSYoungGen      total 25600K, used 7190K [0x00000000eab00000, 0x00000000ed180000, 0x0000000100000000)
  eden space 17920K, 0% used [0x00000000eab00000,0x00000000eab00000,0x00000000ebc80000)
  from space 7680K, 93% used [0x00000000eca00000,0x00000000ed105848,0x00000000ed180000)
  to   space 8192K, 0% used [0x00000000ec180000,0x00000000ec180000,0x00000000ec980000)
 ParOldGen       total 267264K, used 226382K [0x00000000c0000000, 0x00000000d0500000, 0x00000000eab00000)
  object space 267264K, 84% used [0x00000000c0000000,0x00000000cdd13b90,0x00000000d0500000)
 Metaspace       used 76685K, committed 78144K, reserved 1179648K
  class space    used 7930K, committed 8576K, reserved 1048576K
}
Event: 17.592 GC heap before
{Heap before GC invocations=178 (full 11):
 PSYoungGen      total 25600K, used 25110K [0x00000000eab00000, 0x00000000ed180000, 0x0000000100000000)
  eden space 17920K, 100% used [0x00000000eab00000,0x00000000ebc80000,0x00000000ebc80000)
  from space 7680K, 93% used [0x00000000eca00000,0x00000000ed105848,0x00000000ed180000)
  to   space 8192K, 0% used [0x00000000ec180000,0x00000000ec180000,0x00000000ec980000)
 ParOldGen       total 267264K, used 226382K [0x00000000c0000000, 0x00000000d0500000, 0x00000000eab00000)
  object space 267264K, 84% used [0x00000000c0000000,0x00000000cdd13b90,0x00000000d0500000)
 Metaspace       used 76829K, committed 78272K, reserved 1179648K
  class space    used 7935K, committed 8576K, reserved 1048576K
}
Event: 17.595 GC heap after
{Heap after GC invocations=178 (full 11):
 PSYoungGen      total 26112K, used 8058K [0x00000000eab00000, 0x00000000ecd80000, 0x0000000100000000)
  eden space 17920K, 0% used [0x00000000eab00000,0x00000000eab00000,0x00000000ebc80000)
  from space 8192K, 98% used [0x00000000ec180000,0x00000000ec95ea58,0x00000000ec980000)
  to   space 4096K, 0% used [0x00000000ec980000,0x00000000ec980000,0x00000000ecd80000)
 ParOldGen       total 267264K, used 226390K [0x00000000c0000000, 0x00000000d0500000, 0x00000000eab00000)
  object space 267264K, 84% used [0x00000000c0000000,0x00000000cdd15b90,0x00000000d0500000)
 Metaspace       used 76829K, committed 78272K, reserved 1179648K
  class space    used 7935K, committed 8576K, reserved 1048576K
}
Event: 17.637 GC heap before
{Heap before GC invocations=179 (full 11):
 PSYoungGen      total 26112K, used 25978K [0x00000000eab00000, 0x00000000ecd80000, 0x0000000100000000)
  eden space 17920K, 99% used [0x00000000eab00000,0x00000000ebc7fff8,0x00000000ebc80000)
  from space 8192K, 98% used [0x00000000ec180000,0x00000000ec95ea58,0x00000000ec980000)
  to   space 4096K, 0% used [0x00000000ec980000,0x00000000ec980000,0x00000000ecd80000)
 ParOldGen       total 267264K, used 226390K [0x00000000c0000000, 0x00000000d0500000, 0x00000000eab00000)
  object space 267264K, 84% used [0x00000000c0000000,0x00000000cdd15b90,0x00000000d0500000)
 Metaspace       used 76908K, committed 78336K, reserved 1179648K
  class space    used 7938K, committed 8576K, reserved 1048576K
}
Event: 17.641 GC heap after
{Heap after GC invocations=179 (full 11):
 PSYoungGen      total 22016K, used 4085K [0x00000000eab00000, 0x00000000ed680000, 0x0000000100000000)
  eden space 17920K, 0% used [0x00000000eab00000,0x00000000eab00000,0x00000000ebc80000)
  from space 4096K, 99% used [0x00000000ec980000,0x00000000ecd7d6f0,0x00000000ecd80000)
  to   space 13312K, 0% used [0x00000000ebc80000,0x00000000ebc80000,0x00000000ec980000)
 ParOldGen       total 267264K, used 234432K [0x00000000c0000000, 0x00000000d0500000, 0x00000000eab00000)
  object space 267264K, 87% used [0x00000000c0000000,0x00000000ce4f0220,0x00000000d0500000)
 Metaspace       used 76908K, committed 78336K, reserved 1179648K
  class space    used 7938K, committed 8576K, reserved 1048576K
}
Event: 17.709 GC heap before
{Heap before GC invocations=180 (full 11):
 PSYoungGen      total 22016K, used 22005K [0x00000000eab00000, 0x00000000ed680000, 0x0000000100000000)
  eden space 17920K, 100% used [0x00000000eab00000,0x00000000ebc80000,0x00000000ebc80000)
  from space 4096K, 99% used [0x00000000ec980000,0x00000000ecd7d6f0,0x00000000ecd80000)
  to   space 13312K, 0% used [0x00000000ebc80000,0x00000000ebc80000,0x00000000ec980000)
 ParOldGen       total 267264K, used 234432K [0x00000000c0000000, 0x00000000d0500000, 0x00000000eab00000)
  object space 267264K, 87% used [0x00000000c0000000,0x00000000ce4f0220,0x00000000d0500000)
 Metaspace       used 76988K, committed 78400K, reserved 1179648K
  class space    used 7942K, committed 8576K, reserved 1048576K
}
Event: 17.715 GC heap after
{Heap after GC invocations=180 (full 11):
 PSYoungGen      total 29696K, used 11474K [0x00000000eab00000, 0x00000000ed380000, 0x0000000100000000)
  eden space 17920K, 0% used [0x00000000eab00000,0x00000000eab00000,0x00000000ebc80000)
  from space 11776K, 97% used [0x00000000ebc80000,0x00000000ec7b48a0,0x00000000ec800000)
  to   space 11776K, 0% used [0x00000000ec800000,0x00000000ec800000,0x00000000ed380000)
 ParOldGen       total 267264K, used 236260K [0x00000000c0000000, 0x00000000d0500000, 0x00000000eab00000)
  object space 267264K, 88% used [0x00000000c0000000,0x00000000ce6b9070,0x00000000d0500000)
 Metaspace       used 76988K, committed 78400K, reserved 1179648K
  class space    used 7942K, committed 8576K, reserved 1048576K
}

Dll operation events (13 events):
Event: 0.430 Loaded shared library c:\Users\tujes\.vscode\extensions\redhat.java-1.28.1-win32-x64\jre\17.0.10-win32-x86_64\bin\java.dll
Event: 0.520 Loaded shared library c:\Users\tujes\.vscode\extensions\redhat.java-1.28.1-win32-x64\jre\17.0.10-win32-x86_64\bin\zip.dll
Event: 0.522 Loaded shared library C:\Users\tujes\.vscode\extensions\redhat.java-1.28.1-win32-x64\jre\17.0.10-win32-x86_64\bin\instrument.dll
Event: 0.532 Loaded shared library C:\Users\tujes\.vscode\extensions\redhat.java-1.28.1-win32-x64\jre\17.0.10-win32-x86_64\bin\net.dll
Event: 0.534 Loaded shared library C:\Users\tujes\.vscode\extensions\redhat.java-1.28.1-win32-x64\jre\17.0.10-win32-x86_64\bin\nio.dll
Event: 0.538 Loaded shared library C:\Users\tujes\.vscode\extensions\redhat.java-1.28.1-win32-x64\jre\17.0.10-win32-x86_64\bin\zip.dll
Event: 0.548 Loaded shared library C:\Users\tujes\.vscode\extensions\redhat.java-1.28.1-win32-x64\jre\17.0.10-win32-x86_64\bin\jimage.dll
Event: 0.592 Loaded shared library c:\Users\tujes\.vscode\extensions\redhat.java-1.28.1-win32-x64\jre\17.0.10-win32-x86_64\bin\verify.dll
Event: 2.407 Loaded shared library C:\Users\tujes\AppData\Roaming\Code\User\globalStorage\redhat.java\1.28.1\config_win\org.eclipse.equinox.launcher\org.eclipse.equinox.launcher.win32.win32.x86_64_1.2.900.v20240129-1338\eclipse_11900.dll
Event: 6.668 Loaded shared library C:\Users\tujes\.vscode\extensions\redhat.java-1.28.1-win32-x64\jre\17.0.10-win32-x86_64\bin\management.dll
Event: 6.670 Loaded shared library C:\Users\tujes\.vscode\extensions\redhat.java-1.28.1-win32-x64\jre\17.0.10-win32-x86_64\bin\management_ext.dll
Event: 7.454 Loaded shared library C:\Users\tujes\AppData\Local\Temp\jna-110719095\jna10138126230172334896.dll
Event: 16.768 Loaded shared library C:\Users\tujes\.vscode\extensions\redhat.java-1.28.1-win32-x64\jre\17.0.10-win32-x86_64\bin\sunmscapi.dll

Deoptimization events (20 events):
Event: 17.871 Thread 0x00000292eab35b60 Uncommon trap: trap_request=0xffffff45 fr.pc=0x00000292d8903874 relative=0x0000000000000534
Event: 17.871 Thread 0x00000292eab35b60 Uncommon trap: reason=unstable_if action=reinterpret pc=0x00000292d8903874 method=org.eclipse.jdt.internal.core.index.DiskIndex.readStreamDocumentArray(Ljava/io/InputStream;I)[I @ 17 c2
Event: 17.872 Thread 0x00000292eab35b60 DEOPT PACKING pc=0x00000292d8903874 sp=0x000000e8532fec30
Event: 17.872 Thread 0x00000292eab35b60 DEOPT UNPACKING pc=0x00000292d7ae66a3 sp=0x000000e8532fec10 mode 2
Event: 17.927 Thread 0x00000292edf13dd0 Uncommon trap: trap_request=0xffffffde fr.pc=0x00000292d889df68 relative=0x0000000000000068
Event: 17.927 Thread 0x00000292edf13dd0 Uncommon trap: reason=class_check action=maybe_recompile pc=0x00000292d889df68 method=java.util.LinkedHashMap.afterNodeInsertion(Z)V @ 15 c2
Event: 17.927 Thread 0x00000292edf13dd0 DEOPT PACKING pc=0x00000292d889df68 sp=0x000000e8547fe7d0
Event: 17.927 Thread 0x00000292edf13dd0 DEOPT UNPACKING pc=0x00000292d7ae66a3 sp=0x000000e8547fe748 mode 2
Event: 31.126 Thread 0x00000292e8f7a4f0 Uncommon trap: trap_request=0xffffff45 fr.pc=0x00000292d868390c relative=0x000000000000062c
Event: 31.126 Thread 0x00000292e8f7a4f0 Uncommon trap: reason=unstable_if action=reinterpret pc=0x00000292d868390c method=java.util.HashMap.removeNode(ILjava/lang/Object;Ljava/lang/Object;ZZ)Ljava/util/HashMap$Node; @ 62 c2
Event: 31.126 Thread 0x00000292e8f7a4f0 DEOPT PACKING pc=0x00000292d868390c sp=0x000000e8523fef60
Event: 31.126 Thread 0x00000292e8f7a4f0 DEOPT UNPACKING pc=0x00000292d7ae66a3 sp=0x000000e8523fee60 mode 2
Event: 31.130 Thread 0x00000292e8f7a4f0 DEOPT PACKING pc=0x00000292d182ab60 sp=0x000000e8523fee10
Event: 31.130 Thread 0x00000292e8f7a4f0 DEOPT UNPACKING pc=0x00000292d7ae6e43 sp=0x000000e8523fe358 mode 0
Event: 31.130 Thread 0x00000292e8f7a4f0 DEOPT PACKING pc=0x00000292d182ab60 sp=0x000000e8523fee10
Event: 31.130 Thread 0x00000292e8f7a4f0 DEOPT UNPACKING pc=0x00000292d7ae6e43 sp=0x000000e8523fe358 mode 0
Event: 31.131 Thread 0x00000292e8f7a4f0 DEOPT PACKING pc=0x00000292d182ab60 sp=0x000000e8523fee10
Event: 31.131 Thread 0x00000292e8f7a4f0 DEOPT UNPACKING pc=0x00000292d7ae6e43 sp=0x000000e8523fe358 mode 0
Event: 31.131 Thread 0x00000292e8f7a4f0 DEOPT PACKING pc=0x00000292d182ab60 sp=0x000000e8523fee10
Event: 31.131 Thread 0x00000292e8f7a4f0 DEOPT UNPACKING pc=0x00000292d7ae6e43 sp=0x000000e8523fe358 mode 0

Classes unloaded (10 events):
Event: 7.485 Thread 0x00000292cda43d10 Unloading class 0x000000010024bc00 'java/lang/invoke/LambdaForm$MH+0x000000010024bc00'
Event: 7.485 Thread 0x00000292cda43d10 Unloading class 0x000000010024b800 'java/lang/invoke/LambdaForm$MH+0x000000010024b800'
Event: 7.485 Thread 0x00000292cda43d10 Unloading class 0x000000010024b400 'java/lang/invoke/LambdaForm$MH+0x000000010024b400'
Event: 7.485 Thread 0x00000292cda43d10 Unloading class 0x000000010024b000 'java/lang/invoke/LambdaForm$MH+0x000000010024b000'
Event: 7.485 Thread 0x00000292cda43d10 Unloading class 0x000000010024ac00 'java/lang/invoke/LambdaForm$BMH+0x000000010024ac00'
Event: 7.485 Thread 0x00000292cda43d10 Unloading class 0x000000010024a800 'java/lang/invoke/LambdaForm$DMH+0x000000010024a800'
Event: 7.485 Thread 0x00000292cda43d10 Unloading class 0x0000000100244400 'java/lang/invoke/LambdaForm$DMH+0x0000000100244400'
Event: 11.381 Thread 0x00000292cda43d10 Unloading class 0x0000000100648000 'java/lang/invoke/LambdaForm$DMH+0x0000000100648000'
Event: 11.381 Thread 0x00000292cda43d10 Unloading class 0x0000000100643c00 'java/lang/invoke/LambdaForm$DMH+0x0000000100643c00'
Event: 11.381 Thread 0x00000292cda43d10 Unloading class 0x0000000100643800 'java/lang/invoke/LambdaForm$DMH+0x0000000100643800'

Classes redefined (0 events):
No events

Internal exceptions (20 events):
Event: 16.502 Thread 0x00000292eab34210 Exception <a 'sun/nio/fs/WindowsException'{0x00000000eb095278}> (0x00000000eb095278) 
thrown [s\src\hotspot\share\prims\jni.cpp, line 516]
Event: 16.508 Thread 0x00000292eab34210 Exception <a 'sun/nio/fs/WindowsException'{0x00000000eb0e4738}> (0x00000000eb0e4738) 
thrown [s\src\hotspot\share\prims\jni.cpp, line 516]
Event: 16.514 Thread 0x00000292eab34210 Exception <a 'sun/nio/fs/WindowsException'{0x00000000eb13e210}> (0x00000000eb13e210) 
thrown [s\src\hotspot\share\prims\jni.cpp, line 516]
Event: 16.519 Thread 0x00000292eab34210 Exception <a 'sun/nio/fs/WindowsException'{0x00000000eb177c80}> (0x00000000eb177c80) 
thrown [s\src\hotspot\share\prims\jni.cpp, line 516]
Event: 16.524 Thread 0x00000292eab34210 Exception <a 'sun/nio/fs/WindowsException'{0x00000000eb1e5200}> (0x00000000eb1e5200) 
thrown [s\src\hotspot\share\prims\jni.cpp, line 516]
Event: 16.529 Thread 0x00000292eab34210 Exception <a 'sun/nio/fs/WindowsException'{0x00000000eb20fd88}> (0x00000000eb20fd88) 
thrown [s\src\hotspot\share\prims\jni.cpp, line 516]
Event: 16.534 Thread 0x00000292eab34210 Exception <a 'sun/nio/fs/WindowsException'{0x00000000eb225e80}> (0x00000000eb225e80) 
thrown [s\src\hotspot\share\prims\jni.cpp, line 516]
Event: 16.548 Thread 0x00000292eab34210 Exception <a 'sun/nio/fs/WindowsException'{0x00000000eb2ee148}> (0x00000000eb2ee148) 
thrown [s\src\hotspot\share\prims\jni.cpp, line 516]
Event: 16.549 Thread 0x00000292eab34210 Exception <a 'sun/nio/fs/WindowsException'{0x00000000eb2eef50}> (0x00000000eb2eef50) 
thrown [s\src\hotspot\share\prims\jni.cpp, line 516]
Event: 16.549 Thread 0x00000292eab34210 Exception <a 'sun/nio/fs/WindowsException'{0x00000000eb2efe10}> (0x00000000eb2efe10) 
thrown [s\src\hotspot\share\prims\jni.cpp, line 516]
Event: 16.553 Thread 0x00000292eab34210 Exception <a 'sun/nio/fs/WindowsException'{0x00000000eb2f9dd0}> (0x00000000eb2f9dd0) 
thrown [s\src\hotspot\share\prims\jni.cpp, line 516]
Event: 16.556 Thread 0x00000292eab34210 Exception <a 'sun/nio/fs/WindowsException'{0x00000000eb305738}> (0x00000000eb305738) 
thrown [s\src\hotspot\share\prims\jni.cpp, line 516]
Event: 16.558 Thread 0x00000292eab34210 Exception <a 'sun/nio/fs/WindowsException'{0x00000000eb3123c0}> (0x00000000eb3123c0) 
thrown [s\src\hotspot\share\prims\jni.cpp, line 516]
Event: 16.564 Thread 0x00000292eab34210 Implicit null exception at 0x00000292d89229ff to 0x00000292d89249dc
Event: 16.565 Thread 0x00000292eab34210 Implicit null exception at 0x00000292d8903361 to 0x00000292d8903a28
Event: 16.617 Thread 0x00000292eab34210 Exception <a 'sun/nio/fs/WindowsException'{0x00000000ebc27e78}> (0x00000000ebc27e78) 
thrown [s\src\hotspot\share\prims\jni.cpp, line 516]
Event: 16.629 Thread 0x00000292eab34210 Exception <a 'java/lang/NoSuchMethodError'{0x00000000ebc98eb8}: 'java.lang.Object java.lang.invoke.DirectMethodHandle$Holder.newInvokeSpecial(java.lang.Object, java.lang.Object, int, java.lang.Object, java.lang.Object)'> (0x00000000ebc98eb8) 
thrown [s\src\hotspot\share\interpreter\linkResolver.cpp, line 759]
Event: 16.786 Thread 0x00000292edf17a90 Exception <a 'sun/nio/fs/WindowsException'{0x00000000eb0195b8}> (0x00000000eb0195b8) 
thrown [s\src\hotspot\share\prims\jni.cpp, line 516]
Event: 17.850 Thread 0x00000292eab35b60 Exception <a 'sun/nio/fs/WindowsException'{0x00000000eb070e78}> (0x00000000eb070e78) 
thrown [s\src\hotspot\share\prims\jni.cpp, line 516]
Event: 31.126 Thread 0x00000292e8f7a4f0 Implicit null exception at 0x00000292d8683574 to 0x00000292d86838e6

VM Operations (20 events):
Event: 2107.326 Executing VM operation: Cleanup
Event: 2107.326 Executing VM operation: Cleanup done
Event: 2165.349 Executing VM operation: HandshakeAllThreads
Event: 2165.350 Executing VM operation: HandshakeAllThreads done
Event: 2285.578 Executing VM operation: HandshakeAllThreads
Event: 2285.578 Executing VM operation: HandshakeAllThreads done
Event: 2345.649 Executing VM operation: HandshakeAllThreads
Event: 2345.649 Executing VM operation: HandshakeAllThreads done
Event: 2526.045 Executing VM operation: HandshakeAllThreads
Event: 2526.045 Executing VM operation: HandshakeAllThreads done
Event: 2586.134 Executing VM operation: HandshakeAllThreads
Event: 2586.134 Executing VM operation: HandshakeAllThreads done
Event: 2646.159 Executing VM operation: HandshakeAllThreads
Event: 2646.159 Executing VM operation: HandshakeAllThreads done
Event: 2706.228 Executing VM operation: HandshakeAllThreads
Event: 2706.228 Executing VM operation: HandshakeAllThreads done
Event: 2768.008 Executing VM operation: HandshakeAllThreads
Event: 2768.008 Executing VM operation: HandshakeAllThreads done
Event: 18460.011 Executing VM operation: HandshakeAllThreads
Event: 18460.011 Executing VM operation: HandshakeAllThreads done

Events (20 events):
Event: 137.934 Thread 0x00000292edf142e0 Thread exited: 0x00000292edf142e0
Event: 197.943 Thread 0x00000292eab34210 Thread exited: 0x00000292eab34210
Event: 257.956 Thread 0x00000292edf15720 Thread exited: 0x00000292edf15720
Event: 317.232 Thread 0x00000292edf17fa0 Thread added: 0x00000292edf17fa0
Event: 317.232 Thread 0x00000292edf17070 Thread added: 0x00000292edf17070
Event: 317.233 Thread 0x00000292edf147f0 Thread added: 0x00000292edf147f0
Event: 317.233 Thread 0x00000292edf147f0 Thread exited: 0x00000292edf147f0
Event: 317.233 Thread 0x00000292edf17070 Thread exited: 0x00000292edf17070
Event: 317.233 Thread 0x00000292edf17fa0 Thread exited: 0x00000292edf17fa0
Event: 317.235 Thread 0x00000292ead08970 Thread added: 0x00000292ead08970
Event: 317.957 Thread 0x00000292edf16140 Thread exited: 0x00000292edf16140
Event: 322.433 Thread 0x00000292ead08970 Thread exited: 0x00000292ead08970
Event: 377.971 Thread 0x00000292eab31ea0 Thread exited: 0x00000292eab31ea0
Event: 437.983 Thread 0x00000292e8f790b0 Thread exited: 0x00000292e8f790b0
Event: 497.985 Thread 0x00000292edf16b60 Thread exited: 0x00000292edf16b60
Event: 557.991 Thread 0x00000292eab39310 Thread exited: 0x00000292eab39310
Event: 617.999 Thread 0x00000292eab36fa0 Thread exited: 0x00000292eab36fa0
Event: 678.004 Thread 0x00000292eab379c0 Thread exited: 0x00000292eab379c0
Event: 738.015 Thread 0x00000292edf198f0 Thread exited: 0x00000292edf198f0
Event: 798.025 Thread 0x00000292edf189c0 Thread exited: 0x00000292edf189c0


Dynamic libraries:
0x00007ff626b30000 - 0x00007ff626b3e000 	c:\Users\tujes\.vscode\extensions\redhat.java-1.28.1-win32-x64\jre\17.0.10-win32-x86_64\bin\java.exe
0x00007ffb2b8f0000 - 0x00007ffb2bb07000 	C:\WINDOWS\SYSTEM32\ntdll.dll
0x00007ffb22030000 - 0x00007ffb22049000 	C:\Program Files\Avast Software\Avast\aswhook.dll
0x00007ffb2a290000 - 0x00007ffb2a354000 	C:\WINDOWS\System32\KERNEL32.DLL
0x00007ffb28c30000 - 0x00007ffb28fd6000 	C:\WINDOWS\System32\KERNELBASE.dll
0x00007ffb292a0000 - 0x00007ffb293b1000 	C:\WINDOWS\System32\ucrtbase.dll
0x00007ffb0e5d0000 - 0x00007ffb0e5e7000 	c:\Users\tujes\.vscode\extensions\redhat.java-1.28.1-win32-x64\jre\17.0.10-win32-x86_64\bin\jli.dll
0x00007ffb0e8a0000 - 0x00007ffb0e8bb000 	c:\Users\tujes\.vscode\extensions\redhat.java-1.28.1-win32-x64\jre\17.0.10-win32-x86_64\bin\VCRUNTIME140.dll
0x00007ffb298c0000 - 0x00007ffb29a6e000 	C:\WINDOWS\System32\USER32.dll
0x00007ffb29080000 - 0x00007ffb290a6000 	C:\WINDOWS\System32\win32u.dll
0x00007ffb29640000 - 0x00007ffb29669000 	C:\WINDOWS\System32\GDI32.dll
0x00007ffb21d90000 - 0x00007ffb22023000 	C:\WINDOWS\WinSxS\amd64_microsoft.windows.common-controls_6595b64144ccf1df_6.0.22621.2506_none_270c5ae97388e100\COMCTL32.dll
0x00007ffb29460000 - 0x00007ffb29578000 	C:\WINDOWS\System32\gdi32full.dll
0x00007ffb2ace0000 - 0x00007ffb2ad87000 	C:\WINDOWS\System32\msvcrt.dll
0x00007ffb28fe0000 - 0x00007ffb2907a000 	C:\WINDOWS\System32\msvcp_win.dll
0x00007ffb297d0000 - 0x00007ffb29801000 	C:\WINDOWS\System32\IMM32.DLL
0x00007ffb18920000 - 0x00007ffb1892c000 	c:\Users\tujes\.vscode\extensions\redhat.java-1.28.1-win32-x64\jre\17.0.10-win32-x86_64\bin\vcruntime140_1.dll
0x00007ffaccbb0000 - 0x00007ffaccc3d000 	c:\Users\tujes\.vscode\extensions\redhat.java-1.28.1-win32-x64\jre\17.0.10-win32-x86_64\bin\msvcp140.dll
0x00007ffa9d730000 - 0x00007ffa9e392000 	c:\Users\tujes\.vscode\extensions\redhat.java-1.28.1-win32-x64\jre\17.0.10-win32-x86_64\bin\server\jvm.dll
0x00007ffb29dc0000 - 0x00007ffb29e73000 	C:\WINDOWS\System32\ADVAPI32.dll
0x00007ffb29e80000 - 0x00007ffb29f28000 	C:\WINDOWS\System32\sechost.dll
0x00007ffb29430000 - 0x00007ffb29458000 	C:\WINDOWS\System32\bcrypt.dll
0x00007ffb2ad90000 - 0x00007ffb2aea7000 	C:\WINDOWS\System32\RPCRT4.dll
0x00007ffb21970000 - 0x00007ffb21979000 	C:\WINDOWS\SYSTEM32\WSOCK32.dll
0x00007ffb27ac0000 - 0x00007ffb27b0d000 	C:\WINDOWS\SYSTEM32\POWRPROF.dll
0x00007ffb21b20000 - 0x00007ffb21b54000 	C:\WINDOWS\SYSTEM32\WINMM.dll
0x00007ffb29b90000 - 0x00007ffb29c01000 	C:\WINDOWS\System32\WS2_32.dll
0x00007ffb1f9f0000 - 0x00007ffb1f9fa000 	C:\WINDOWS\SYSTEM32\VERSION.dll
0x00007ffb27aa0000 - 0x00007ffb27ab3000 	C:\WINDOWS\SYSTEM32\UMPDC.dll
0x00007ffb27d60000 - 0x00007ffb27d78000 	C:\WINDOWS\SYSTEM32\kernel.appcore.dll
0x00007ffb17a80000 - 0x00007ffb17a8a000 	c:\Users\tujes\.vscode\extensions\redhat.java-1.28.1-win32-x64\jre\17.0.10-win32-x86_64\bin\jimage.dll
0x00007ffb1f590000 - 0x00007ffb1f7c3000 	C:\WINDOWS\SYSTEM32\DBGHELP.DLL
0x00007ffb2a7e0000 - 0x00007ffb2ab69000 	C:\WINDOWS\System32\combase.dll
0x00007ffb29670000 - 0x00007ffb29747000 	C:\WINDOWS\System32\OLEAUT32.dll
0x00007ffb1fa00000 - 0x00007ffb1fa32000 	C:\WINDOWS\SYSTEM32\dbgcore.DLL
0x00007ffb290b0000 - 0x00007ffb2912a000 	C:\WINDOWS\System32\bcryptPrimitives.dll
0x00007ffb17a20000 - 0x00007ffb17a2e000 	c:\Users\tujes\.vscode\extensions\redhat.java-1.28.1-win32-x64\jre\17.0.10-win32-x86_64\bin\instrument.dll
0x00007ffaf0bf0000 - 0x00007ffaf0c15000 	c:\Users\tujes\.vscode\extensions\redhat.java-1.28.1-win32-x64\jre\17.0.10-win32-x86_64\bin\java.dll
0x00007ffaf96c0000 - 0x00007ffaf96d8000 	c:\Users\tujes\.vscode\extensions\redhat.java-1.28.1-win32-x64\jre\17.0.10-win32-x86_64\bin\zip.dll
0x00007ffb2af40000 - 0x00007ffb2b79b000 	C:\WINDOWS\System32\SHELL32.dll
0x00007ffb26ba0000 - 0x00007ffb27496000 	C:\WINDOWS\SYSTEM32\windows.storage.dll
0x00007ffb26a60000 - 0x00007ffb26b9e000 	C:\WINDOWS\SYSTEM32\wintypes.dll
0x00007ffb29a70000 - 0x00007ffb29b63000 	C:\WINDOWS\System32\SHCORE.dll
0x00007ffb2ab70000 - 0x00007ffb2abce000 	C:\WINDOWS\System32\shlwapi.dll
0x00007ffb28b60000 - 0x00007ffb28b86000 	C:\WINDOWS\SYSTEM32\profapi.dll
0x00007ffaf8f20000 - 0x00007ffaf8f39000 	C:\Users\tujes\.vscode\extensions\redhat.java-1.28.1-win32-x64\jre\17.0.10-win32-x86_64\bin\net.dll
0x00007ffb23820000 - 0x00007ffb23957000 	C:\WINDOWS\SYSTEM32\WINHTTP.dll
0x00007ffb281e0000 - 0x00007ffb28249000 	C:\WINDOWS\system32\mswsock.dll
0x00007ffaf6120000 - 0x00007ffaf6136000 	C:\Users\tujes\.vscode\extensions\redhat.java-1.28.1-win32-x64\jre\17.0.10-win32-x86_64\bin\nio.dll
0x00007ffb17520000 - 0x00007ffb17530000 	c:\Users\tujes\.vscode\extensions\redhat.java-1.28.1-win32-x64\jre\17.0.10-win32-x86_64\bin\verify.dll
0x00007ffae53e0000 - 0x00007ffae541e000 	C:\Users\tujes\AppData\Roaming\Code\User\globalStorage\redhat.java\1.28.1\config_win\org.eclipse.equinox.launcher\org.eclipse.equinox.launcher.win32.win32.x86_64_1.2.900.v20240129-1338\eclipse_11900.dll
0x00007ffb29c20000 - 0x00007ffb29dc0000 	C:\WINDOWS\System32\ole32.dll
0x00007ffb16b60000 - 0x00007ffb16b69000 	C:\Users\tujes\.vscode\extensions\redhat.java-1.28.1-win32-x64\jre\17.0.10-win32-x86_64\bin\management.dll
0x00007ffb16810000 - 0x00007ffb1681b000 	C:\Users\tujes\.vscode\extensions\redhat.java-1.28.1-win32-x64\jre\17.0.10-win32-x86_64\bin\management_ext.dll
0x00007ffb2a270000 - 0x00007ffb2a278000 	C:\WINDOWS\System32\PSAPI.DLL
0x00007ffb28430000 - 0x00007ffb2844b000 	C:\WINDOWS\SYSTEM32\CRYPTSP.dll
0x00007ffb27cc0000 - 0x00007ffb27cf5000 	C:\WINDOWS\system32\rsaenh.dll
0x00007ffb282d0000 - 0x00007ffb282fc000 	C:\WINDOWS\SYSTEM32\USERENV.dll
0x00007ffb28450000 - 0x00007ffb2845c000 	C:\WINDOWS\SYSTEM32\CRYPTBASE.dll
0x00007ffb27770000 - 0x00007ffb2779d000 	C:\WINDOWS\SYSTEM32\IPHLPAPI.DLL
0x00007ffb2a280000 - 0x00007ffb2a289000 	C:\WINDOWS\System32\NSI.dll
0x00007ffb233f0000 - 0x00007ffb23409000 	C:\WINDOWS\SYSTEM32\dhcpcsvc6.DLL
0x00007ffb233d0000 - 0x00007ffb233ef000 	C:\WINDOWS\SYSTEM32\dhcpcsvc.DLL
0x00007ffb277a0000 - 0x00007ffb27899000 	C:\WINDOWS\SYSTEM32\DNSAPI.dll
0x00007ffae2c50000 - 0x00007ffae2c95000 	C:\Users\tujes\AppData\Local\Temp\jna-110719095\jna10138126230172334896.dll
0x00007ffb1a800000 - 0x00007ffb1a80e000 	C:\Users\tujes\.vscode\extensions\redhat.java-1.28.1-win32-x64\jre\17.0.10-win32-x86_64\bin\sunmscapi.dll
0x00007ffb29130000 - 0x00007ffb29296000 	C:\WINDOWS\System32\CRYPT32.dll
0x00007ffb285f0000 - 0x00007ffb2861e000 	C:\WINDOWS\SYSTEM32\ncrypt.dll
0x00007ffb285b0000 - 0x00007ffb285e7000 	C:\WINDOWS\SYSTEM32\NTASN1.dll

dbghelp: loaded successfully - version: 4.0.5 - missing functions: none
symbol engine: initialized successfully - sym options: 0x614 - pdb path: .;c:\Users\tujes\.vscode\extensions\redhat.java-1.28.1-win32-x64\jre\17.0.10-win32-x86_64\bin;C:\WINDOWS\SYSTEM32;C:\Program Files\Avast Software\Avast;C:\WINDOWS\WinSxS\amd64_microsoft.windows.common-controls_6595b64144ccf1df_6.0.22621.2506_none_270c5ae97388e100;c:\Users\tujes\.vscode\extensions\redhat.java-1.28.1-win32-x64\jre\17.0.10-win32-x86_64\bin\server;C:\Users\tujes\AppData\Roaming\Code\User\globalStorage\redhat.java\1.28.1\config_win\org.eclipse.equinox.launcher\org.eclipse.equinox.launcher.win32.win32.x86_64_1.2.900.v20240129-1338;C:\Users\tujes\AppData\Local\Temp\jna-110719095

VM Arguments:
jvm_args: --add-modules=ALL-SYSTEM --add-opens=java.base/java.util=ALL-UNNAMED --add-opens=java.base/java.lang=ALL-UNNAMED --add-opens=java.base/sun.nio.fs=ALL-UNNAMED -Declipse.application=org.eclipse.jdt.ls.core.id1 -Dosgi.bundles.defaultStartLevel=4 -Declipse.product=org.eclipse.jdt.ls.core.product -Djava.import.generatesMetadataFilesAtProjectRoot=false -DDetectVMInstallationsJob.disabled=true -Dfile.encoding=utf8 -XX:+UseParallelGC -XX:GCTimeRatio=4 -XX:AdaptiveSizePolicyWeight=90 -Dsun.zip.disableMemoryMapping=true -Xmx1G -Xms100m -Xlog:disable -javaagent:c:\Users\tujes\.vscode\extensions\redhat.java-1.28.1-win32-x64\lombok\lombok-1.18.31.jar -XX:+HeapDumpOnOutOfMemoryError -XX:HeapDumpPath=c:\Users\tujes\AppData\Roaming\Code\User\workspaceStorage\926129535c3579d5b8879cf28cb66572\redhat.java -Daether.dependencyCollector.impl=bf 
java_command: c:\Users\tujes\.vscode\extensions\redhat.java-1.28.1-win32-x64\server\plugins\org.eclipse.equinox.launcher_1.6.700.v20231214-2017.jar -configuration c:\Users\tujes\AppData\Roaming\Code\User\globalStorage\redhat.java\1.28.1\config_win -data c:\Users\tujes\AppData\Roaming\Code\User\workspaceStorage\926129535c3579d5b8879cf28cb66572\redhat.java\jdt_ws --stdio
java_class_path (initial): c:\Users\tujes\.vscode\extensions\redhat.java-1.28.1-win32-x64\server\plugins\org.eclipse.equinox.launcher_1.6.700.v20231214-2017.jar
Launcher Type: SUN_STANDARD

[Global flags]
    uintx AdaptiveSizePolicyWeight                 = 90                                        {product} {command line}
     intx CICompilerCount                          = 12                                        {product} {ergonomic}
    uintx GCTimeRatio                              = 4                                         {product} {command line}
     bool HeapDumpOnOutOfMemoryError               = true                                   {manageable} {command line}
    ccstr HeapDumpPath                             = c:\Users\tujes\AppData\Roaming\Code\User\workspaceStorage\926129535c3579d5b8879cf28cb66572\redhat.java         {manageable} {command line}
   size_t InitialHeapSize                          = 104857600                                 {product} {command line}
   size_t MaxHeapSize                              = 1073741824                                {product} {command line}
   size_t MaxNewSize                               = 357564416                                 {product} {ergonomic}
   size_t MinHeapDeltaBytes                        = 524288                                    {product} {ergonomic}
   size_t MinHeapSize                              = 104857600                                 {product} {command line}
   size_t NewSize                                  = 34603008                                  {product} {ergonomic}
    uintx NonNMethodCodeHeapSize                   = 7602480                                {pd product} {ergonomic}
    uintx NonProfiledCodeHeapSize                  = 122027880                              {pd product} {ergonomic}
   size_t OldSize                                  = 70254592                                  {product} {ergonomic}
    uintx ProfiledCodeHeapSize                     = 122027880                              {pd product} {ergonomic}
    uintx ReservedCodeCacheSize                    = 251658240                              {pd product} {ergonomic}
     bool SegmentedCodeCache                       = true                                      {product} {ergonomic}
   size_t SoftMaxHeapSize                          = 1073741824                             {manageable} {ergonomic}
     bool UseCompressedClassPointers               = true                           {product lp64_product} {ergonomic}
     bool UseCompressedOops                        = true                           {product lp64_product} {ergonomic}
     bool UseLargePagesIndividualAllocation        = false                                  {pd product} {ergonomic}
     bool UseParallelGC                            = true                                      {product} {command line}

Logging:
Log output configuration:
 #0: stdout all=off uptime,level,tags
 #1: stderr all=off uptime,level,tags

Environment Variables:
PATH=C:\Program Files\Common Files\Oracle\Java\javapath;C:\Windows\system32;C:\Windows;C:\Windows\System32\Wbem;C:\Windows\System32\WindowsPowerShell\v1.0\;C:\Windows\System32\OpenSSH\;C:\Program Files (x86)\NVIDIA Corporation\PhysX\Common;C:\Program Files\NVIDIA Corporation\NVIDIA NvDLISR;C:\WINDOWS\system32;C:\WINDOWS;C:\WINDOWS\System32\Wbem;C:\WINDOWS\System32\WindowsPowerShell\v1.0\;C:\WINDOWS\System32\OpenSSH\;C:\Program Files\Git\cmd;C:\Program Files\nodejs\;C:\Program Files\MySQL\MySQL Shell 8.0\bin\;C:\Users\tujes\AppData\Local\Programs\Python\Python311\Scripts\;C:\Users\tujes\AppData\Local\Programs\Python\Python311\;C:\Users\tujes\AppData\Local\Microsoft\WindowsApps;C:\Users\tujes\AppData\Local\Programs\Microsoft VS Code\bin;C:\Users\tujes\AppData\Local\GitHubDesktop\bin;C:\Users\tujes\AppData\Local\JetBrains\IntelliJ IDEA 2023.2.2\bin;C:\flutter\bin;C:\Users\tujes\AppData\Roaming\npm;C:\ProgramData\chocolatey\bin;C:\ProgramData\chocolatey\bin;C:\ProgramData\chocolatey\bin;C:\ProgramData\chocolatey\bin;C:\Program Files\MySQL\MySQL Shell 8.0\bin\;C:\Users\tujes\AppData\Local\Programs\Python\Python311\Scripts\;C:\Users\tujes\AppData\Local\Programs\Python\Python311\;C:\Users\tujes\AppData\Local\Microsoft\WindowsApps;C:\Users\tujes\AppData\Local\Programs\Microsoft VS Code\bin;C:\Users\tujes\AppData\Local\GitHubDesktop\bin;C:\Users\tujes\AppData\Local\JetBrains\IntelliJ IDEA 2023.2.2\bin;;C:\flutter\bin;C:\Users\tujes\AppData\Roaming\npm;C:\Users\tujes\AppData\Local\Pub\Cache\bin;
USERNAME=tujes
OS=Windows_NT
PROCESSOR_IDENTIFIER=AMD64 Family 25 Model 80 Stepping 0, AuthenticAMD
TMP=C:\Users\tujes\AppData\Local\Temp
TEMP=C:\Users\tujes\AppData\Local\Temp



Periodic native trim disabled


---------------  S Y S T E M  ---------------

OS:
 Windows 11 , 64 bit Build 22621 (10.0.22621.3085)
OS uptime: 2 days 20:38 hours

CPU: total 16 (initial active 16) (16 cores per cpu, 2 threads per core) family 25 model 80 stepping 0 microcode 0x0, cx8, cmov, fxsr, ht, mmx, 3dnowpref, sse, sse2, sse3, ssse3, sse4a, sse4.1, sse4.2, popcnt, lzcnt, tsc, tscinvbit, avx, avx2, aes, erms, clmul, bmi1, bmi2, adx, sha, fma, vzeroupper, clflush, clflushopt
Processor Information for all 16 processors :
  Max Mhz: 3201, Current Mhz: 3201, Mhz Limit: 3201

Memory: 4k page, system-wide physical 15773M (4405M free)
TotalPageFile size 20893M (AvailPageFile size 4685M)
current process WorkingSet (physical memory assigned to process): 618M, peak: 882M
current process commit charge ("private bytes"): 552M, peak: 797M

vm_info: OpenJDK 64-Bit Server VM (17.0.10+7) for windows-amd64 JRE (17.0.10+7), built on Jan 16 2024 23:25:11 by "admin" with MS VC++ 16.10 / 16.11 (VS2019)

END.
